2012/07/11 17:46:38 [error] [exception.CDbException] exception 'CDbException' with message 'CDbConnection failed to open the DB connection: SQLSTATE[42000] [1049] Unknown database 'testdrive'' in D:\Project\webapps\trackstar\framework\db\CDbConnection.php:382
Stack trace:
#0 D:\Project\webapps\trackstar\framework\db\CDbConnection.php(331): CDbConnection->open()
#1 D:\Project\webapps\trackstar\framework\db\CDbConnection.php(309): CDbConnection->setActive(true)
#2 D:\Project\webapps\trackstar\framework\base\CModule.php(388): CDbConnection->init()
#3 D:\Project\webapps\trackstar\framework\base\CModule.php(104): CModule->getComponent('db')
#4 D:\Project\webapps\trackstar\framework\gii\generators\model\ModelCode.php(54): CModule->__get('db')
#5 D:\Project\webapps\trackstar\framework\web\CFormModel.php(40): ModelCode->init()
#6 D:\Project\webapps\trackstar\framework\gii\CCodeGenerator.php(152): CFormModel->__construct()
#7 D:\Project\webapps\trackstar\framework\gii\CCodeGenerator.php(64): CCodeGenerator->prepare()
#8 D:\Project\webapps\trackstar\framework\web\actions\CInlineAction.php(50): CCodeGenerator->actionIndex()
#9 D:\Project\webapps\trackstar\framework\web\CController.php(309): CInlineAction->runWithParams(Array)
#10 D:\Project\webapps\trackstar\framework\web\CController.php(287): CController->runAction(Object(CInlineAction))
#11 D:\Project\webapps\trackstar\framework\web\CController.php(266): CController->runActionWithFilters(Object(CInlineAction), Array)
#12 D:\Project\webapps\trackstar\framework\web\CWebApplication.php(276): CController->run('')
#13 D:\Project\webapps\trackstar\framework\web\CWebApplication.php(135): CWebApplication->runController('gii/model')
#14 D:\Project\webapps\trackstar\framework\base\CApplication.php(162): CWebApplication->processRequest()
#15 D:\Project\webapps\trackstar\index.php(13): CApplication->run()
#16 {main}
REQUEST_URI=/trackstar/index.php?r=gii/model
HTTP_REFERER=http://localhost/trackstar/index.php?r=gii/default/index
---
